PictureCapture/app/build/intermediates/manifest_merge_blame_file/debug/manifest-merger-blame-debug-report.txt
1<?xml version="1.0" encoding="utf-8"?>
2<manifest xmlns:android="http://schemas.android.com/apk/res/android"
3    package="rs.reviewer"
4    android:versionCode="1"
5    android:versionName="1.0" >
6
7    <uses-sdk
8        android:minSdkVersion="22"
8-->src/main/AndroidManifest.xml
9        android:targetSdkVersion="29" />
9-->src/main/AndroidManifest.xml
10
11    <uses-permission android:name="android.permission.WRITE_EXTERNAL_STORAGE" />
11-->src/main/AndroidManifest.xml:5:5-81
11-->src/main/AndroidManifest.xml:5:22-78
12    <uses-permission android:name="android.permission.RECORD_AUDIO" />
12-->src/main/AndroidManifest.xml:6:5-71
12-->src/main/AndroidManifest.xml:6:22-68
13    <uses-permission android:name="android.permission.CAMERA" />
13-->src/main/AndroidManifest.xml:7:5-65
13-->src/main/AndroidManifest.xml:7:22-62
14
15    <uses-feature android:name="android.hardware.camera" />
15-->src/main/AndroidManifest.xml:9:5-60
15-->src/main/AndroidManifest.xml:9:19-57
16    <uses-feature android:name="android.hardware.camera.autofocus" />
16-->src/main/AndroidManifest.xml:10:5-70
16-->src/main/AndroidManifest.xml:10:19-67
17    <uses-feature
17-->src/main/AndroidManifest.xml:11:5-13:36
18        android:name="android.hardware.camera.front"
18-->src/main/AndroidManifest.xml:12:9-53
19        android:required="false" />
19-->src/main/AndroidManifest.xml:13:9-33
20
21    <application
21-->src/main/AndroidManifest.xml:15:5-40:19
22        android:allowBackup="true"
22-->src/main/AndroidManifest.xml:16:9-35
23        android:appComponentFactory="androidx.core.app.CoreComponentFactory"
23-->[androidx.core:core:1.1.0] AndroidManifest.xml:24:18-86
24        android:debuggable="true"
25        android:icon="@drawable/ic_launcher"
25-->src/main/AndroidManifest.xml:17:9-45
26        android:label="@string/app_name"
26-->src/main/AndroidManifest.xml:18:9-41
27        android:testOnly="true"
28        android:theme="@style/Theme.AppCompat.Light" >
28-->src/main/AndroidManifest.xml:19:9-53
29        <provider
29-->src/main/AndroidManifest.xml:21:9-29:20
30            android:name="rs.reviewer.GenericFileProvider"
30-->src/main/AndroidManifest.xml:22:13-59
31            android:authorities="rs.reviewer.provider"
31-->src/main/AndroidManifest.xml:23:13-55
32            android:exported="false"
32-->src/main/AndroidManifest.xml:24:13-37
33            android:grantUriPermissions="true" >
33-->src/main/AndroidManifest.xml:25:13-47
34            <meta-data
34-->src/main/AndroidManifest.xml:26:13-28:57
35                android:name="android.support.FILE_PROVIDER_PATHS"
35-->src/main/AndroidManifest.xml:27:17-67
36                android:resource="@xml/provider_paths" />
36-->src/main/AndroidManifest.xml:28:17-55
37        </provider>
38
39        <activity
39-->src/main/AndroidManifest.xml:31:9-39:20
40            android:name="rs.reviewer.MainActivity"
40-->src/main/AndroidManifest.xml:32:13-52
41            android:label="@string/app_name" >
41-->src/main/AndroidManifest.xml:33:13-45
42            <intent-filter>
42-->src/main/AndroidManifest.xml:34:13-38:29
43                <action android:name="android.intent.action.MAIN" />
43-->src/main/AndroidManifest.xml:35:17-69
43-->src/main/AndroidManifest.xml:35:25-66
44
45                <category android:name="android.intent.category.LAUNCHER" />
45-->src/main/AndroidManifest.xml:37:17-77
45-->src/main/AndroidManifest.xml:37:27-74
46            </intent-filter>
47        </activity>
48    </application>
49
50</manifest>